<?xml version="1.0" encoding="UTF-8"?>
<testng-results skipped="0" failed="0" ignored="0" total="1" passed="1">
  <reporter-output>
    <line>
      <![CDATA[Found Element By : By.id: txtUserId]]>
    </line>
    <line>
      <![CDATA[Before sendkey :[[ChromeDriver: chrome on XP (72314de805c1fe4a65c8d2241b3c57bf)] -> id: txtUserId] is null]]>
    </line>
    <line>
      <![CDATA[After sendkey :[[ChromeDriver: chrome on XP (72314de805c1fe4a65c8d2241b3c57bf)] -> id: txtUserId] is null]]>
    </line>
    <line>
      <![CDATA[Found Element By : By.id: txtUserId]]>
    </line>
    <line>
      <![CDATA[Before sendkey :[[ChromeDriver: chrome on XP (72314de805c1fe4a65c8d2241b3c57bf)] -> id: txtUserId] is [Ljava.lang.CharSequence;@1a247d1]]>
    </line>
    <line>
      <![CDATA[After sendkey :[[ChromeDriver: chrome on XP (72314de805c1fe4a65c8d2241b3c57bf)] -> id: txtUserId] is [Ljava.lang.CharSequence;@1a247d1]]>
    </line>
    <line>
      <![CDATA[Found Element By : By.id: txtPassword]]>
    </line>
    <line>
      <![CDATA[Before sendkey :[[ChromeDriver: chrome on XP (72314de805c1fe4a65c8d2241b3c57bf)] -> id: txtPassword] is null]]>
    </line>
    <line>
      <![CDATA[After sendkey :[[ChromeDriver: chrome on XP (72314de805c1fe4a65c8d2241b3c57bf)] -> id: txtPassword] is null]]>
    </line>
    <line>
      <![CDATA[Found Element By : By.id: txtPassword]]>
    </line>
    <line>
      <![CDATA[Before sendkey :[[ChromeDriver: chrome on XP (72314de805c1fe4a65c8d2241b3c57bf)] -> id: txtPassword] is [Ljava.lang.CharSequence;@852c0f]]>
    </line>
    <line>
      <![CDATA[After sendkey :[[ChromeDriver: chrome on XP (72314de805c1fe4a65c8d2241b3c57bf)] -> id: txtPassword] is [Ljava.lang.CharSequence;@852c0f]]>
    </line>
    <line>
      <![CDATA[Found Element By : By.xpath: //input[@id='btnSubmit' and @type='submit']]]>
    </line>
    <line>
      <![CDATA[Trying to click on: [[ChromeDriver: chrome on XP (72314de805c1fe4a65c8d2241b3c57bf)] -> xpath: //input[@id='btnSubmit' and @type='submit']]]]>
    </line>
    <line>
      <![CDATA[Clicked on: [[ChromeDriver: chrome on XP (72314de805c1fe4a65c8d2241b3c57bf)] -> xpath: //input[@id='btnSubmit' and @type='submit']]]]>
    </line>
    <line>
      <![CDATA[Found Element By : By.xpath: //*[@class='distButtonsMn']//*[contains(@href,'Query/QueryNew')]]]>
    </line>
    <line>
      <![CDATA[Found Element By : By.xpath: //*[@class='distButtonsMn']//*[contains(@href,'Query/QueryNew')]]]>
    </line>
    <line>
      <![CDATA[Found Element By : By.xpath: //*[@class='distButtonsMn']//*[contains(@href,'Query/QueryNew')]]]>
    </line>
    <line>
      <![CDATA[Found Element By : By.xpath: //*[@class='distButtonsMn']//*[contains(@href,'Query/QueryNew')]]]>
    </line>
    <line>
      <![CDATA[Found Element By : By.xpath: //*[@class='distButtonsMn']//*[contains(@href,'Query/QueryNew')]]]>
    </line>
    <line>
      <![CDATA[Trying to click on: [[ChromeDriver: chrome on XP (72314de805c1fe4a65c8d2241b3c57bf)] -> xpath: //*[@class='distButtonsMn']//*[contains(@href,'Query/QueryNew')]]]]>
    </line>
    <line>
      <![CDATA[Clicked on: [[ChromeDriver: chrome on XP (72314de805c1fe4a65c8d2241b3c57bf)] -> xpath: //*[@class='distButtonsMn']//*[contains(@href,'Query/QueryNew')]]]]>
    </line>
    <line>
      <![CDATA[Found Element By : By.xpath: //div[@class='loader']]]>
    </line>
    <line>
      <![CDATA[Found Element By : By.xpath: //div[@class='loader']]]>
    </line>
    <line>
      <![CDATA[Found Element By : By.xpath: //div[@class='loader']]]>
    </line>
    <line>
      <![CDATA[Found Element By : By.xpath: //div[@class='loader']]]>
    </line>
    <line>
      <![CDATA[Found Element By : By.xpath: //div[@class='loader']]]>
    </line>
    <line>
      <![CDATA[Found Element By : By.xpath: //div[@class='loader']]]>
    </line>
    <line>
      <![CDATA[Found Element By : By.xpath: //div[@class='loader']]]>
    </line>
    <line>
      <![CDATA[Found Element By : By.xpath: //*[@id='ctl00_MiddleContent_ddlfunds']]]>
    </line>
    <line>
      <![CDATA[Found Element By : By.xpath: //*[@id='ctl00_MiddleContent_ddlfunds']]]>
    </line>
    <line>
      <![CDATA[Found Element By : By.xpath: //*[@id='ctl00_MiddleContent_ddlfunds']]]>
    </line>
    <line>
      <![CDATA[Found Element By : By.xpath: //*[@id='ctl00_MiddleContent_ddlfunds']]]>
    </line>
    <line>
      <![CDATA[Found Element By : By.xpath: //*[@id='ctl00_MiddleContent_ddlfunds']]]>
    </line>
    <line>
      <![CDATA[Found Element By : By.tagName: option]]>
    </line>
    <line>
      <![CDATA[Trying to click on: [[[[ChromeDriver: chrome on XP (72314de805c1fe4a65c8d2241b3c57bf)] -> xpath: //*[@id='ctl00_MiddleContent_ddlfunds']]] -> tag name: option]]]>
    </line>
    <line>
      <![CDATA[Clicked on: [[[[ChromeDriver: chrome on XP (72314de805c1fe4a65c8d2241b3c57bf)] -> xpath: //*[@id='ctl00_MiddleContent_ddlfunds']]] -> tag name: option]]]>
    </line>
    <line>
      <![CDATA[Found Element By : By.xpath: //div[@class='loader']]]>
    </line>
    <line>
      <![CDATA[Found Element By : By.xpath: //*[@id='ctl00_MiddleContent_rdAcNo' and @type='radio']]]>
    </line>
    <line>
      <![CDATA[Trying to click on: [[ChromeDriver: chrome on XP (72314de805c1fe4a65c8d2241b3c57bf)] -> xpath: //*[@id='ctl00_MiddleContent_rdAcNo' and @type='radio']]]]>
    </line>
    <line>
      <![CDATA[Clicked on: [[ChromeDriver: chrome on XP (72314de805c1fe4a65c8d2241b3c57bf)] -> xpath: //*[@id='ctl00_MiddleContent_rdAcNo' and @type='radio']]]]>
    </line>
    <line>
      <![CDATA[Found Element By : By.xpath: //*[@id='ctl00_MiddleContent_txtAcNo' and @type='text']]]>
    </line>
    <line>
      <![CDATA[Before sendkey :[[ChromeDriver: chrome on XP (72314de805c1fe4a65c8d2241b3c57bf)] -> xpath: //*[@id='ctl00_MiddleContent_txtAcNo' and @type='text']] is [Ljava.lang.CharSequence;@df60da]]>
    </line>
    <line>
      <![CDATA[After sendkey :[[ChromeDriver: chrome on XP (72314de805c1fe4a65c8d2241b3c57bf)] -> xpath: //*[@id='ctl00_MiddleContent_txtAcNo' and @type='text']] is [Ljava.lang.CharSequence;@df60da]]>
    </line>
    <line>
      <![CDATA[Found Element By : By.xpath: //*[@id='ctl00_MiddleContent_btnQuery' and @type='submit']]]>
    </line>
    <line>
      <![CDATA[Trying to click on: [[ChromeDriver: chrome on XP (72314de805c1fe4a65c8d2241b3c57bf)] -> xpath: //*[@id='ctl00_MiddleContent_btnQuery' and @type='submit']]]]>
    </line>
    <line>
      <![CDATA[Clicked on: [[ChromeDriver: chrome on XP (72314de805c1fe4a65c8d2241b3c57bf)] -> xpath: //*[@id='ctl00_MiddleContent_btnQuery' and @type='submit']]]]>
    </line>
    <line>
      <![CDATA[Found Element By : By.xpath: //div[@class='loader']]]>
    </line>
    <line>
      <![CDATA[Found Element By : By.xpath: //div[@class='loader']]]>
    </line>
    <line>
      <![CDATA[Found Element By : By.xpath: //div[@class='loader']]]>
    </line>
    <line>
      <![CDATA[Found Element By : By.xpath: //div[@class='loader']]]>
    </line>
    <line>
      <![CDATA[Found Element By : By.xpath: //div[@class='loader']]]>
    </line>
    <line>
      <![CDATA[Found Element By : By.xpath: //div[@class='loader']]]>
    </line>
    <line>
      <![CDATA[Found Element By : By.xpath: //div[@class='loader']]]>
    </line>
    <line>
      <![CDATA[Found Element By : By.xpath: //div[@class='loader']]]>
    </line>
    <line>
      <![CDATA[Found Element By : By.xpath: //*[@id='ctl00_MiddleContent_dgQueryDets']//child::a[contains(@href,'Accountstatement')]]]>
    </line>
    <line>
      <![CDATA[Trying to click on: [[ChromeDriver: chrome on XP (72314de805c1fe4a65c8d2241b3c57bf)] -> xpath: //*[@id='ctl00_MiddleContent_dgQueryDets']//child::a[contains(@href,'Accountstatement')]]]]>
    </line>
    <line>
      <![CDATA[Clicked on: [[ChromeDriver: chrome on XP (72314de805c1fe4a65c8d2241b3c57bf)] -> xpath: //*[@id='ctl00_MiddleContent_dgQueryDets']//child::a[contains(@href,'Accountstatement')]]]]>
    </line>
    <line>
      <![CDATA[Found Element By : By.xpath: //label[text()='Summary']]]>
    </line>
    <line>
      <![CDATA[Trying to click on: [[ChromeDriver: chrome on XP (72314de805c1fe4a65c8d2241b3c57bf)] -> xpath: //label[text()='Summary']]]]>
    </line>
    <line>
      <![CDATA[Clicked on: [[ChromeDriver: chrome on XP (72314de805c1fe4a65c8d2241b3c57bf)] -> xpath: //label[text()='Summary']]]]>
    </line>
    <line>
      <![CDATA[Found Element By : By.xpath: //*[@id='chkAllItems' and @type='checkbox']]]>
    </line>
    <line>
      <![CDATA[Trying to click on: [[ChromeDriver: chrome on XP (72314de805c1fe4a65c8d2241b3c57bf)] -> xpath: //*[@id='chkAllItems' and @type='checkbox']]]]>
    </line>
    <line>
      <![CDATA[Clicked on: [[ChromeDriver: chrome on XP (72314de805c1fe4a65c8d2241b3c57bf)] -> xpath: //*[@id='chkAllItems' and @type='checkbox']]]]>
    </line>
    <line>
      <![CDATA[Found Element By : By.xpath: //*[@id='btnViewAndPrint']]]>
    </line>
    <line>
      <![CDATA[Trying to click on: [[ChromeDriver: chrome on XP (72314de805c1fe4a65c8d2241b3c57bf)] -> xpath: //*[@id='btnViewAndPrint']]]]>
    </line>
    <line>
      <![CDATA[Clicked on: [[ChromeDriver: chrome on XP (72314de805c1fe4a65c8d2241b3c57bf)] -> xpath: //*[@id='btnViewAndPrint']]]]>
    </line>
    <line>
      <![CDATA[Found Element By : By.xpath: //*[@class='loader']]]>
    </line>
    <line>
      <![CDATA[Found Element By : By.xpath: //*[@id='IMG1' or @alt='Mail']]]>
    </line>
    <line>
      <![CDATA[Found Element By : By.xpath: //*[@id='IMG1' or @alt='Mail']]]>
    </line>
    <line>
      <![CDATA[Found Element By : By.xpath: //*[@id='IMG1' or @alt='Mail']]]>
    </line>
    <line>
      <![CDATA[Trying to click on: [[ChromeDriver: chrome on XP (72314de805c1fe4a65c8d2241b3c57bf)] -> xpath: //*[@id='IMG1' or @alt='Mail']]]]>
    </line>
    <line>
      <![CDATA[Clicked on: [[ChromeDriver: chrome on XP (72314de805c1fe4a65c8d2241b3c57bf)] -> xpath: //*[@id='IMG1' or @alt='Mail']]]]>
    </line>
    <line>
      <![CDATA[Found Element By : By.xpath: //*[@id='txtTo' and @type='text']]]>
    </line>
    <line>
      <![CDATA[Found Element By : By.xpath: //*[@id='txtTo' and @type='text']]]>
    </line>
    <line>
      <![CDATA[Found Element By : By.xpath: //*[@id='txtTo' and @type='text']]]>
    </line>
    <line>
      <![CDATA[Before sendkey :[[ChromeDriver: chrome on XP (72314de805c1fe4a65c8d2241b3c57bf)] -> xpath: //*[@id='txtTo' and @type='text']] is [Ljava.lang.CharSequence;@da25e5]]>
    </line>
    <line>
      <![CDATA[After sendkey :[[ChromeDriver: chrome on XP (72314de805c1fe4a65c8d2241b3c57bf)] -> xpath: //*[@id='txtTo' and @type='text']] is [Ljava.lang.CharSequence;@da25e5]]>
    </line>
    <line>
      <![CDATA[Found Element By : By.xpath: //*[@id='btnSend' and @type='button']]]>
    </line>
    <line>
      <![CDATA[Trying to click on: [[ChromeDriver: chrome on XP (72314de805c1fe4a65c8d2241b3c57bf)] -> xpath: //*[@id='btnSend' and @type='button']]]]>
    </line>
    <line>
      <![CDATA[Clicked on: [[ChromeDriver: chrome on XP (72314de805c1fe4a65c8d2241b3c57bf)] -> xpath: //*[@id='btnSend' and @type='button']]]]>
    </line>
    <line>
      <![CDATA[<a href='D:\RTA-Feed\src\main\java\screenshots\successScreenshots\success_screenshots\downloadKarvyFile_03_12_2018_06_33_45.png'> <img src='D:\RTA-Feed\src\main\java\screenshots\successScreenshots\success_screenshots\downloadKarvyFile_03_12_2018_06_33_45.png' height='100' width='100'/> </a>]]>
    </line>
  </reporter-output>
  <suite name="Morning Suite" duration-ms="29612" started-at="2018-12-03T13:03:15Z" finished-at="2018-12-03T13:03:45Z">
    <groups>
    </groups>
    <test name="karvyStatementDownloadTest" duration-ms="29612" started-at="2018-12-03T13:03:15Z" finished-at="2018-12-03T13:03:45Z">
      <class name="karvy.KarvyStatementDownload">
        <test-method status="PASS" signature="setup()[pri:0, instance:karvy.KarvyStatementDownload@1f8bee4]" name="setup" is-config="true" duration-ms="4312" started-at="2018-12-03T18:33:15Z" finished-at="2018-12-03T18:33:20Z">
          <reporter-output>
          </reporter-output>
        </test-method> <!-- setup -->
        <test-method status="PASS" signature="downloadKarvyFile()[pri:0, instance:karvy.KarvyStatementDownload@1f8bee4]" name="downloadKarvyFile" duration-ms="24911" started-at="2018-12-03T18:33:20Z" finished-at="2018-12-03T18:33:45Z">
          <reporter-output>
            <line>
              <![CDATA[Found Element By : By.id: txtUserId]]>
            </line>
            <line>
              <![CDATA[Before sendkey :[[ChromeDriver: chrome on XP (72314de805c1fe4a65c8d2241b3c57bf)] -> id: txtUserId] is null]]>
            </line>
            <line>
              <![CDATA[After sendkey :[[ChromeDriver: chrome on XP (72314de805c1fe4a65c8d2241b3c57bf)] -> id: txtUserId] is null]]>
            </line>
            <line>
              <![CDATA[Found Element By : By.id: txtUserId]]>
            </line>
            <line>
              <![CDATA[Before sendkey :[[ChromeDriver: chrome on XP (72314de805c1fe4a65c8d2241b3c57bf)] -> id: txtUserId] is [Ljava.lang.CharSequence;@1a247d1]]>
            </line>
            <line>
              <![CDATA[After sendkey :[[ChromeDriver: chrome on XP (72314de805c1fe4a65c8d2241b3c57bf)] -> id: txtUserId] is [Ljava.lang.CharSequence;@1a247d1]]>
            </line>
            <line>
              <![CDATA[Found Element By : By.id: txtPassword]]>
            </line>
            <line>
              <![CDATA[Before sendkey :[[ChromeDriver: chrome on XP (72314de805c1fe4a65c8d2241b3c57bf)] -> id: txtPassword] is null]]>
            </line>
            <line>
              <![CDATA[After sendkey :[[ChromeDriver: chrome on XP (72314de805c1fe4a65c8d2241b3c57bf)] -> id: txtPassword] is null]]>
            </line>
            <line>
              <![CDATA[Found Element By : By.id: txtPassword]]>
            </line>
            <line>
              <![CDATA[Before sendkey :[[ChromeDriver: chrome on XP (72314de805c1fe4a65c8d2241b3c57bf)] -> id: txtPassword] is [Ljava.lang.CharSequence;@852c0f]]>
            </line>
            <line>
              <![CDATA[After sendkey :[[ChromeDriver: chrome on XP (72314de805c1fe4a65c8d2241b3c57bf)] -> id: txtPassword] is [Ljava.lang.CharSequence;@852c0f]]>
            </line>
            <line>
              <![CDATA[Found Element By : By.xpath: //input[@id='btnSubmit' and @type='submit']]]>
            </line>
            <line>
              <![CDATA[Trying to click on: [[ChromeDriver: chrome on XP (72314de805c1fe4a65c8d2241b3c57bf)] -> xpath: //input[@id='btnSubmit' and @type='submit']]]]>
            </line>
            <line>
              <![CDATA[Clicked on: [[ChromeDriver: chrome on XP (72314de805c1fe4a65c8d2241b3c57bf)] -> xpath: //input[@id='btnSubmit' and @type='submit']]]]>
            </line>
            <line>
              <![CDATA[Found Element By : By.xpath: //*[@class='distButtonsMn']//*[contains(@href,'Query/QueryNew')]]]>
            </line>
            <line>
              <![CDATA[Found Element By : By.xpath: //*[@class='distButtonsMn']//*[contains(@href,'Query/QueryNew')]]]>
            </line>
            <line>
              <![CDATA[Found Element By : By.xpath: //*[@class='distButtonsMn']//*[contains(@href,'Query/QueryNew')]]]>
            </line>
            <line>
              <![CDATA[Found Element By : By.xpath: //*[@class='distButtonsMn']//*[contains(@href,'Query/QueryNew')]]]>
            </line>
            <line>
              <![CDATA[Found Element By : By.xpath: //*[@class='distButtonsMn']//*[contains(@href,'Query/QueryNew')]]]>
            </line>
            <line>
              <![CDATA[Trying to click on: [[ChromeDriver: chrome on XP (72314de805c1fe4a65c8d2241b3c57bf)] -> xpath: //*[@class='distButtonsMn']//*[contains(@href,'Query/QueryNew')]]]]>
            </line>
            <line>
              <![CDATA[Clicked on: [[ChromeDriver: chrome on XP (72314de805c1fe4a65c8d2241b3c57bf)] -> xpath: //*[@class='distButtonsMn']//*[contains(@href,'Query/QueryNew')]]]]>
            </line>
            <line>
              <![CDATA[Found Element By : By.xpath: //div[@class='loader']]]>
            </line>
            <line>
              <![CDATA[Found Element By : By.xpath: //div[@class='loader']]]>
            </line>
            <line>
              <![CDATA[Found Element By : By.xpath: //div[@class='loader']]]>
            </line>
            <line>
              <![CDATA[Found Element By : By.xpath: //div[@class='loader']]]>
            </line>
            <line>
              <![CDATA[Found Element By : By.xpath: //div[@class='loader']]]>
            </line>
            <line>
              <![CDATA[Found Element By : By.xpath: //div[@class='loader']]]>
            </line>
            <line>
              <![CDATA[Found Element By : By.xpath: //div[@class='loader']]]>
            </line>
            <line>
              <![CDATA[Found Element By : By.xpath: //*[@id='ctl00_MiddleContent_ddlfunds']]]>
            </line>
            <line>
              <![CDATA[Found Element By : By.xpath: //*[@id='ctl00_MiddleContent_ddlfunds']]]>
            </line>
            <line>
              <![CDATA[Found Element By : By.xpath: //*[@id='ctl00_MiddleContent_ddlfunds']]]>
            </line>
            <line>
              <![CDATA[Found Element By : By.xpath: //*[@id='ctl00_MiddleContent_ddlfunds']]]>
            </line>
            <line>
              <![CDATA[Found Element By : By.xpath: //*[@id='ctl00_MiddleContent_ddlfunds']]]>
            </line>
            <line>
              <![CDATA[Found Element By : By.tagName: option]]>
            </line>
            <line>
              <![CDATA[Trying to click on: [[[[ChromeDriver: chrome on XP (72314de805c1fe4a65c8d2241b3c57bf)] -> xpath: //*[@id='ctl00_MiddleContent_ddlfunds']]] -> tag name: option]]]>
            </line>
            <line>
              <![CDATA[Clicked on: [[[[ChromeDriver: chrome on XP (72314de805c1fe4a65c8d2241b3c57bf)] -> xpath: //*[@id='ctl00_MiddleContent_ddlfunds']]] -> tag name: option]]]>
            </line>
            <line>
              <![CDATA[Found Element By : By.xpath: //div[@class='loader']]]>
            </line>
            <line>
              <![CDATA[Found Element By : By.xpath: //*[@id='ctl00_MiddleContent_rdAcNo' and @type='radio']]]>
            </line>
            <line>
              <![CDATA[Trying to click on: [[ChromeDriver: chrome on XP (72314de805c1fe4a65c8d2241b3c57bf)] -> xpath: //*[@id='ctl00_MiddleContent_rdAcNo' and @type='radio']]]]>
            </line>
            <line>
              <![CDATA[Clicked on: [[ChromeDriver: chrome on XP (72314de805c1fe4a65c8d2241b3c57bf)] -> xpath: //*[@id='ctl00_MiddleContent_rdAcNo' and @type='radio']]]]>
            </line>
            <line>
              <![CDATA[Found Element By : By.xpath: //*[@id='ctl00_MiddleContent_txtAcNo' and @type='text']]]>
            </line>
            <line>
              <![CDATA[Before sendkey :[[ChromeDriver: chrome on XP (72314de805c1fe4a65c8d2241b3c57bf)] -> xpath: //*[@id='ctl00_MiddleContent_txtAcNo' and @type='text']] is [Ljava.lang.CharSequence;@df60da]]>
            </line>
            <line>
              <![CDATA[After sendkey :[[ChromeDriver: chrome on XP (72314de805c1fe4a65c8d2241b3c57bf)] -> xpath: //*[@id='ctl00_MiddleContent_txtAcNo' and @type='text']] is [Ljava.lang.CharSequence;@df60da]]>
            </line>
            <line>
              <![CDATA[Found Element By : By.xpath: //*[@id='ctl00_MiddleContent_btnQuery' and @type='submit']]]>
            </line>
            <line>
              <![CDATA[Trying to click on: [[ChromeDriver: chrome on XP (72314de805c1fe4a65c8d2241b3c57bf)] -> xpath: //*[@id='ctl00_MiddleContent_btnQuery' and @type='submit']]]]>
            </line>
            <line>
              <![CDATA[Clicked on: [[ChromeDriver: chrome on XP (72314de805c1fe4a65c8d2241b3c57bf)] -> xpath: //*[@id='ctl00_MiddleContent_btnQuery' and @type='submit']]]]>
            </line>
            <line>
              <![CDATA[Found Element By : By.xpath: //div[@class='loader']]]>
            </line>
            <line>
              <![CDATA[Found Element By : By.xpath: //div[@class='loader']]]>
            </line>
            <line>
              <![CDATA[Found Element By : By.xpath: //div[@class='loader']]]>
            </line>
            <line>
              <![CDATA[Found Element By : By.xpath: //div[@class='loader']]]>
            </line>
            <line>
              <![CDATA[Found Element By : By.xpath: //div[@class='loader']]]>
            </line>
            <line>
              <![CDATA[Found Element By : By.xpath: //div[@class='loader']]]>
            </line>
            <line>
              <![CDATA[Found Element By : By.xpath: //div[@class='loader']]]>
            </line>
            <line>
              <![CDATA[Found Element By : By.xpath: //div[@class='loader']]]>
            </line>
            <line>
              <![CDATA[Found Element By : By.xpath: //*[@id='ctl00_MiddleContent_dgQueryDets']//child::a[contains(@href,'Accountstatement')]]]>
            </line>
            <line>
              <![CDATA[Trying to click on: [[ChromeDriver: chrome on XP (72314de805c1fe4a65c8d2241b3c57bf)] -> xpath: //*[@id='ctl00_MiddleContent_dgQueryDets']//child::a[contains(@href,'Accountstatement')]]]]>
            </line>
            <line>
              <![CDATA[Clicked on: [[ChromeDriver: chrome on XP (72314de805c1fe4a65c8d2241b3c57bf)] -> xpath: //*[@id='ctl00_MiddleContent_dgQueryDets']//child::a[contains(@href,'Accountstatement')]]]]>
            </line>
            <line>
              <![CDATA[Found Element By : By.xpath: //label[text()='Summary']]]>
            </line>
            <line>
              <![CDATA[Trying to click on: [[ChromeDriver: chrome on XP (72314de805c1fe4a65c8d2241b3c57bf)] -> xpath: //label[text()='Summary']]]]>
            </line>
            <line>
              <![CDATA[Clicked on: [[ChromeDriver: chrome on XP (72314de805c1fe4a65c8d2241b3c57bf)] -> xpath: //label[text()='Summary']]]]>
            </line>
            <line>
              <![CDATA[Found Element By : By.xpath: //*[@id='chkAllItems' and @type='checkbox']]]>
            </line>
            <line>
              <![CDATA[Trying to click on: [[ChromeDriver: chrome on XP (72314de805c1fe4a65c8d2241b3c57bf)] -> xpath: //*[@id='chkAllItems' and @type='checkbox']]]]>
            </line>
            <line>
              <![CDATA[Clicked on: [[ChromeDriver: chrome on XP (72314de805c1fe4a65c8d2241b3c57bf)] -> xpath: //*[@id='chkAllItems' and @type='checkbox']]]]>
            </line>
            <line>
              <![CDATA[Found Element By : By.xpath: //*[@id='btnViewAndPrint']]]>
            </line>
            <line>
              <![CDATA[Trying to click on: [[ChromeDriver: chrome on XP (72314de805c1fe4a65c8d2241b3c57bf)] -> xpath: //*[@id='btnViewAndPrint']]]]>
            </line>
            <line>
              <![CDATA[Clicked on: [[ChromeDriver: chrome on XP (72314de805c1fe4a65c8d2241b3c57bf)] -> xpath: //*[@id='btnViewAndPrint']]]]>
            </line>
            <line>
              <![CDATA[Found Element By : By.xpath: //*[@class='loader']]]>
            </line>
            <line>
              <![CDATA[Found Element By : By.xpath: //*[@id='IMG1' or @alt='Mail']]]>
            </line>
            <line>
              <![CDATA[Found Element By : By.xpath: //*[@id='IMG1' or @alt='Mail']]]>
            </line>
            <line>
              <![CDATA[Found Element By : By.xpath: //*[@id='IMG1' or @alt='Mail']]]>
            </line>
            <line>
              <![CDATA[Trying to click on: [[ChromeDriver: chrome on XP (72314de805c1fe4a65c8d2241b3c57bf)] -> xpath: //*[@id='IMG1' or @alt='Mail']]]]>
            </line>
            <line>
              <![CDATA[Clicked on: [[ChromeDriver: chrome on XP (72314de805c1fe4a65c8d2241b3c57bf)] -> xpath: //*[@id='IMG1' or @alt='Mail']]]]>
            </line>
            <line>
              <![CDATA[Found Element By : By.xpath: //*[@id='txtTo' and @type='text']]]>
            </line>
            <line>
              <![CDATA[Found Element By : By.xpath: //*[@id='txtTo' and @type='text']]]>
            </line>
            <line>
              <![CDATA[Found Element By : By.xpath: //*[@id='txtTo' and @type='text']]]>
            </line>
            <line>
              <![CDATA[Before sendkey :[[ChromeDriver: chrome on XP (72314de805c1fe4a65c8d2241b3c57bf)] -> xpath: //*[@id='txtTo' and @type='text']] is [Ljava.lang.CharSequence;@da25e5]]>
            </line>
            <line>
              <![CDATA[After sendkey :[[ChromeDriver: chrome on XP (72314de805c1fe4a65c8d2241b3c57bf)] -> xpath: //*[@id='txtTo' and @type='text']] is [Ljava.lang.CharSequence;@da25e5]]>
            </line>
            <line>
              <![CDATA[Found Element By : By.xpath: //*[@id='btnSend' and @type='button']]]>
            </line>
            <line>
              <![CDATA[Trying to click on: [[ChromeDriver: chrome on XP (72314de805c1fe4a65c8d2241b3c57bf)] -> xpath: //*[@id='btnSend' and @type='button']]]]>
            </line>
            <line>
              <![CDATA[Clicked on: [[ChromeDriver: chrome on XP (72314de805c1fe4a65c8d2241b3c57bf)] -> xpath: //*[@id='btnSend' and @type='button']]]]>
            </line>
            <line>
              <![CDATA[<a href='D:\RTA-Feed\src\main\java\screenshots\successScreenshots\success_screenshots\downloadKarvyFile_03_12_2018_06_33_45.png'> <img src='D:\RTA-Feed\src\main\java\screenshots\successScreenshots\success_screenshots\downloadKarvyFile_03_12_2018_06_33_45.png' height='100' width='100'/> </a>]]>
            </line>
          </reporter-output>
        </test-method> <!-- downloadKarvyFile -->
        <test-method status="PASS" signature="closeBrowser()[pri:0, instance:karvy.KarvyStatementDownload@1f8bee4]" name="closeBrowser" is-config="true" duration-ms="94" started-at="2018-12-03T18:33:45Z" finished-at="2018-12-03T18:33:45Z">
          <reporter-output>
          </reporter-output>
        </test-method> <!-- closeBrowser -->
      </class> <!-- karvy.KarvyStatementDownload -->
    </test> <!-- karvyStatementDownloadTest -->
  </suite> <!-- Morning Suite -->
</testng-results>
