<?xml version="1.0" encoding="UTF-8"?>
<testng-results skipped="0" failed="0" ignored="0" total="1" passed="1">
  <reporter-output>
    <line>
      <![CDATA[Found Element By : By.xpath: //input[@title='Enter your User Id' and @type='text']]]>
    </line>
    <line>
      <![CDATA[Found Element By : By.xpath: //input[@title='Enter your User Id' and @type='text']]]>
    </line>
    <line>
      <![CDATA[Found Element By : By.xpath: //input[@title='Enter your Password' and @type='password']]]>
    </line>
    <line>
      <![CDATA[Found Element By : By.xpath: //input[@title='Enter your Password' and @type='password']]]>
    </line>
    <line>
      <![CDATA[Found Element By : By.xpath: //input[@value='Login' and @type='submit']]]>
    </line>
    <line>
      <![CDATA[Clicked on: [[ChromeDriver: chrome on XP (f864b6024f7c57a4478e4d2ea14854c4)] -> xpath: //input[@value='Login' and @type='submit']]]]>
    </line>
    <line>
      <![CDATA[Found Element By : By.xpath: //a[contains(text(),'CHANGE AMC')]]]>
    </line>
    <line>
      <![CDATA[Clicked on: [[ChromeDriver: chrome on XP (f864b6024f7c57a4478e4d2ea14854c4)] -> xpath: //a[contains(text(),'CHANGE AMC')]]]]>
    </line>
    <line>
      <![CDATA[Found Element By : By.xpath: //select[@class='iceSelOneMnu']]]>
    </line>
    <line>
      <![CDATA[Found Element By : By.xpath: //select[@class='iceSelOneMnu']]]>
    </line>
    <line>
      <![CDATA[Found Element By : By.xpath: //select[@class='iceSelOneMnu']]]>
    </line>
    <line>
      <![CDATA[Found Element By : By.tagName: option]]>
    </line>
    <line>
      <![CDATA[Clicked on: [[[[ChromeDriver: chrome on XP (f864b6024f7c57a4478e4d2ea14854c4)] -> xpath: //select[@class='iceSelOneMnu']]] -> tag name: option]]]>
    </line>
    <line>
      <![CDATA[Found Element By : By.xpath: //span[contains(text(),'SUNDARAM ASSET MANAGEMENT COMPANY LTD')]]]>
    </line>
    <line>
      <![CDATA[Found Element By : By.xpath: //a[contains(text(),'Reports')]]]>
    </line>
    <line>
      <![CDATA[Found Element By : By.xpath: //a[contains(text(),'Reports')]]]>
    </line>
    <line>
      <![CDATA[Found Element By : By.xpath: //a[contains(text(),'Reports')]]]>
    </line>
    <line>
      <![CDATA[Clicked on: [[ChromeDriver: chrome on XP (f864b6024f7c57a4478e4d2ea14854c4)] -> xpath: //a[contains(text(),'Reports')]]]]>
    </line>
    <line>
      <![CDATA[Found Element By : By.className: dumbBoxOverlay]]>
    </line>
    <line>
      <![CDATA[Found Element By : By.className: dumbBoxOverlay]]>
    </line>
    <line>
      <![CDATA[Found Element By : By.xpath: //div[@class='iceMnuBarVrt']//span[contains(text(),'Broker Reports')]]]>
    </line>
    <line>
      <![CDATA[Found Element By : By.xpath: //div[@class='iceMnuBarVrt']//span[contains(text(),'Broker Reports')]]]>
    </line>
    <line>
      <![CDATA[Found Element By : By.xpath: //div[@class='iceMnuBarVrt']//span[contains(text(),'Broker Reports')]]]>
    </line>
    <line>
      <![CDATA[Clicked on: [[ChromeDriver: chrome on XP (f864b6024f7c57a4478e4d2ea14854c4)] -> xpath: //div[@class='iceMnuBarVrt']//span[contains(text(),'Broker Reports')]]]]>
    </line>
    <line>
      <![CDATA[Found Element By : By.className: dumbBoxOverlay]]>
    </line>
    <line>
      <![CDATA[Found Element By : By.xpath: //select[@title='Please select the Report Name']]]>
    </line>
    <line>
      <![CDATA[Found Element By : By.xpath: //select[@title='Please select the Report Name']]]>
    </line>
    <line>
      <![CDATA[Found Element By : By.xpath: //select[@title='Please select the Report Name']]]>
    </line>
    <line>
      <![CDATA[Found Element By : By.xpath: //select[@title='Please select the Report Name']]]>
    </line>
    <line>
      <![CDATA[Found Element By : By.xpath: //select[@title='Please select the Report Name']]]>
    </line>
    <line>
      <![CDATA[Found Element By : By.xpath: //select[@title='Please select the Report Name']]]>
    </line>
    <line>
      <![CDATA[Found Element By : By.xpath: //select[@title='Please select the Report Name']]]>
    </line>
    <line>
      <![CDATA[Found Element By : By.xpath: //select[@title='Please select the Report Name']]]>
    </line>
    <line>
      <![CDATA[Found Element By : By.tagName: option]]>
    </line>
    <line>
      <![CDATA[Clicked on: [[[[ChromeDriver: chrome on XP (f864b6024f7c57a4478e4d2ea14854c4)] -> xpath: //select[@title='Please select the Report Name']]] -> tag name: option]]]>
    </line>
    <line>
      <![CDATA[Found Element By : By.className: dumbBoxOverlay]]>
    </line>
    <line>
      <![CDATA[Found Element By : By.xpath: //input[@title='Please select the From Date']]]>
    </line>
    <line>
      <![CDATA[Found Element By : By.xpath: //input[@title='Please select the From Date']]]>
    </line>
    <line>
      <![CDATA[Found Element By : By.className: dumbBoxOverlay]]>
    </line>
    <line>
      <![CDATA[Found Element By : By.xpath: //input[@title='Please select the To Date']]]>
    </line>
    <line>
      <![CDATA[Found Element By : By.xpath: //input[@title='Please select the To Date']]]>
    </line>
    <line>
      <![CDATA[Found Element By : By.className: dumbBoxOverlay]]>
    </line>
    <line>
      <![CDATA[Found Element By : By.className: dumbBoxOverlay]]>
    </line>
    <line>
      <![CDATA[Found Element By : By.id: brokerFields1:idPrimaryMail]]>
    </line>
    <line>
      <![CDATA[Clicked on: [[ChromeDriver: chrome on XP (f864b6024f7c57a4478e4d2ea14854c4)] -> id: brokerFields1:idPrimaryMail]]]>
    </line>
    <line>
      <![CDATA[Found Element By : By.className: dumbBoxOverlay]]>
    </line>
    <line>
      <![CDATA[Found Element By : By.id: brokerFields1:idPrimaryMail]]>
    </line>
    <line>
      <![CDATA[Found Element By : By.id: brokerFields1:idPrimaryMail]]>
    </line>
    <line>
      <![CDATA[Found Element By : By.id: brokerFields1:idPrimaryMail]]>
    </line>
    <line>
      <![CDATA[Found Element By : By.xpath: //select[@title='Please select the File Type']]]>
    </line>
    <line>
      <![CDATA[Found Element By : By.xpath: //select[@title='Please select the File Type']]]>
    </line>
    <line>
      <![CDATA[Found Element By : By.xpath: //select[@title='Please select the File Type']]]>
    </line>
    <line>
      <![CDATA[Found Element By : By.xpath: .//option[@value = "EXCEL"]]]>
    </line>
    <line>
      <![CDATA[Clicked on: [[[[ChromeDriver: chrome on XP (f864b6024f7c57a4478e4d2ea14854c4)] -> xpath: //select[@title='Please select the File Type']]] -> xpath: .//option[@value = "EXCEL"]]]]>
    </line>
    <line>
      <![CDATA[Found Element By : By.xpath: //input[@id='brokerFields1:j_idt199' and @type='image']]]>
    </line>
    <line>
      <![CDATA[Clicked on: [[ChromeDriver: chrome on XP (f864b6024f7c57a4478e4d2ea14854c4)] -> xpath: //input[@id='brokerFields1:j_idt199' and @type='image']]]]>
    </line>
    <line>
      <![CDATA[Found Element By : By.className: dumbBoxOverlay]]>
    </line>
    <line>
      <![CDATA[Found Element By : By.xpath: //span[@id='brokerFields1:saveMsgErrorsBrokerReaportsSearch' and contains(text(),'Thank you for submitting your request')]]]>
    </line>
    <line>
      <![CDATA[<a href='D:\RTA-Feed\src\main\java\screenshots\successScreenshots\success_screenshots\downloadKarvyFile_09_11_2018_05_57_47.png'> <img src='D:\RTA-Feed\src\main\java\screenshots\successScreenshots\success_screenshots\downloadKarvyFile_09_11_2018_05_57_47.png' height='100' width='100'/> </a>]]>
    </line>
  </reporter-output>
  <suite name="Morning Suite" duration-ms="13753" started-at="2018-11-09T12:27:34Z" finished-at="2018-11-09T12:27:48Z">
    <groups>
    </groups>
    <test name="sundaramFileDownloadTest" duration-ms="13753" started-at="2018-11-09T12:27:34Z" finished-at="2018-11-09T12:27:48Z">
      <class name="bnpSundaram.SundaramFileDownload">
        <test-method status="PASS" signature="setup()[pri:0, instance:bnpSundaram.SundaramFileDownload@1d176f7]" name="setup" is-config="true" duration-ms="4272" started-at="2018-11-09T17:57:34Z" finished-at="2018-11-09T17:57:38Z">
          <reporter-output>
          </reporter-output>
        </test-method> <!-- setup -->
        <test-method status="PASS" signature="downloadKarvyFile()[pri:0, instance:bnpSundaram.SundaramFileDownload@1d176f7]" name="downloadKarvyFile" duration-ms="9018" started-at="2018-11-09T17:57:38Z" finished-at="2018-11-09T17:57:47Z">
          <reporter-output>
            <line>
              <![CDATA[Found Element By : By.xpath: //input[@title='Enter your User Id' and @type='text']]]>
            </line>
            <line>
              <![CDATA[Found Element By : By.xpath: //input[@title='Enter your User Id' and @type='text']]]>
            </line>
            <line>
              <![CDATA[Found Element By : By.xpath: //input[@title='Enter your Password' and @type='password']]]>
            </line>
            <line>
              <![CDATA[Found Element By : By.xpath: //input[@title='Enter your Password' and @type='password']]]>
            </line>
            <line>
              <![CDATA[Found Element By : By.xpath: //input[@value='Login' and @type='submit']]]>
            </line>
            <line>
              <![CDATA[Clicked on: [[ChromeDriver: chrome on XP (f864b6024f7c57a4478e4d2ea14854c4)] -> xpath: //input[@value='Login' and @type='submit']]]]>
            </line>
            <line>
              <![CDATA[Found Element By : By.xpath: //a[contains(text(),'CHANGE AMC')]]]>
            </line>
            <line>
              <![CDATA[Clicked on: [[ChromeDriver: chrome on XP (f864b6024f7c57a4478e4d2ea14854c4)] -> xpath: //a[contains(text(),'CHANGE AMC')]]]]>
            </line>
            <line>
              <![CDATA[Found Element By : By.xpath: //select[@class='iceSelOneMnu']]]>
            </line>
            <line>
              <![CDATA[Found Element By : By.xpath: //select[@class='iceSelOneMnu']]]>
            </line>
            <line>
              <![CDATA[Found Element By : By.xpath: //select[@class='iceSelOneMnu']]]>
            </line>
            <line>
              <![CDATA[Found Element By : By.tagName: option]]>
            </line>
            <line>
              <![CDATA[Clicked on: [[[[ChromeDriver: chrome on XP (f864b6024f7c57a4478e4d2ea14854c4)] -> xpath: //select[@class='iceSelOneMnu']]] -> tag name: option]]]>
            </line>
            <line>
              <![CDATA[Found Element By : By.xpath: //span[contains(text(),'SUNDARAM ASSET MANAGEMENT COMPANY LTD')]]]>
            </line>
            <line>
              <![CDATA[Found Element By : By.xpath: //a[contains(text(),'Reports')]]]>
            </line>
            <line>
              <![CDATA[Found Element By : By.xpath: //a[contains(text(),'Reports')]]]>
            </line>
            <line>
              <![CDATA[Found Element By : By.xpath: //a[contains(text(),'Reports')]]]>
            </line>
            <line>
              <![CDATA[Clicked on: [[ChromeDriver: chrome on XP (f864b6024f7c57a4478e4d2ea14854c4)] -> xpath: //a[contains(text(),'Reports')]]]]>
            </line>
            <line>
              <![CDATA[Found Element By : By.className: dumbBoxOverlay]]>
            </line>
            <line>
              <![CDATA[Found Element By : By.className: dumbBoxOverlay]]>
            </line>
            <line>
              <![CDATA[Found Element By : By.xpath: //div[@class='iceMnuBarVrt']//span[contains(text(),'Broker Reports')]]]>
            </line>
            <line>
              <![CDATA[Found Element By : By.xpath: //div[@class='iceMnuBarVrt']//span[contains(text(),'Broker Reports')]]]>
            </line>
            <line>
              <![CDATA[Found Element By : By.xpath: //div[@class='iceMnuBarVrt']//span[contains(text(),'Broker Reports')]]]>
            </line>
            <line>
              <![CDATA[Clicked on: [[ChromeDriver: chrome on XP (f864b6024f7c57a4478e4d2ea14854c4)] -> xpath: //div[@class='iceMnuBarVrt']//span[contains(text(),'Broker Reports')]]]]>
            </line>
            <line>
              <![CDATA[Found Element By : By.className: dumbBoxOverlay]]>
            </line>
            <line>
              <![CDATA[Found Element By : By.xpath: //select[@title='Please select the Report Name']]]>
            </line>
            <line>
              <![CDATA[Found Element By : By.xpath: //select[@title='Please select the Report Name']]]>
            </line>
            <line>
              <![CDATA[Found Element By : By.xpath: //select[@title='Please select the Report Name']]]>
            </line>
            <line>
              <![CDATA[Found Element By : By.xpath: //select[@title='Please select the Report Name']]]>
            </line>
            <line>
              <![CDATA[Found Element By : By.xpath: //select[@title='Please select the Report Name']]]>
            </line>
            <line>
              <![CDATA[Found Element By : By.xpath: //select[@title='Please select the Report Name']]]>
            </line>
            <line>
              <![CDATA[Found Element By : By.xpath: //select[@title='Please select the Report Name']]]>
            </line>
            <line>
              <![CDATA[Found Element By : By.xpath: //select[@title='Please select the Report Name']]]>
            </line>
            <line>
              <![CDATA[Found Element By : By.tagName: option]]>
            </line>
            <line>
              <![CDATA[Clicked on: [[[[ChromeDriver: chrome on XP (f864b6024f7c57a4478e4d2ea14854c4)] -> xpath: //select[@title='Please select the Report Name']]] -> tag name: option]]]>
            </line>
            <line>
              <![CDATA[Found Element By : By.className: dumbBoxOverlay]]>
            </line>
            <line>
              <![CDATA[Found Element By : By.xpath: //input[@title='Please select the From Date']]]>
            </line>
            <line>
              <![CDATA[Found Element By : By.xpath: //input[@title='Please select the From Date']]]>
            </line>
            <line>
              <![CDATA[Found Element By : By.className: dumbBoxOverlay]]>
            </line>
            <line>
              <![CDATA[Found Element By : By.xpath: //input[@title='Please select the To Date']]]>
            </line>
            <line>
              <![CDATA[Found Element By : By.xpath: //input[@title='Please select the To Date']]]>
            </line>
            <line>
              <![CDATA[Found Element By : By.className: dumbBoxOverlay]]>
            </line>
            <line>
              <![CDATA[Found Element By : By.className: dumbBoxOverlay]]>
            </line>
            <line>
              <![CDATA[Found Element By : By.id: brokerFields1:idPrimaryMail]]>
            </line>
            <line>
              <![CDATA[Clicked on: [[ChromeDriver: chrome on XP (f864b6024f7c57a4478e4d2ea14854c4)] -> id: brokerFields1:idPrimaryMail]]]>
            </line>
            <line>
              <![CDATA[Found Element By : By.className: dumbBoxOverlay]]>
            </line>
            <line>
              <![CDATA[Found Element By : By.id: brokerFields1:idPrimaryMail]]>
            </line>
            <line>
              <![CDATA[Found Element By : By.id: brokerFields1:idPrimaryMail]]>
            </line>
            <line>
              <![CDATA[Found Element By : By.id: brokerFields1:idPrimaryMail]]>
            </line>
            <line>
              <![CDATA[Found Element By : By.xpath: //select[@title='Please select the File Type']]]>
            </line>
            <line>
              <![CDATA[Found Element By : By.xpath: //select[@title='Please select the File Type']]]>
            </line>
            <line>
              <![CDATA[Found Element By : By.xpath: //select[@title='Please select the File Type']]]>
            </line>
            <line>
              <![CDATA[Found Element By : By.xpath: .//option[@value = "EXCEL"]]]>
            </line>
            <line>
              <![CDATA[Clicked on: [[[[ChromeDriver: chrome on XP (f864b6024f7c57a4478e4d2ea14854c4)] -> xpath: //select[@title='Please select the File Type']]] -> xpath: .//option[@value = "EXCEL"]]]]>
            </line>
            <line>
              <![CDATA[Found Element By : By.xpath: //input[@id='brokerFields1:j_idt199' and @type='image']]]>
            </line>
            <line>
              <![CDATA[Clicked on: [[ChromeDriver: chrome on XP (f864b6024f7c57a4478e4d2ea14854c4)] -> xpath: //input[@id='brokerFields1:j_idt199' and @type='image']]]]>
            </line>
            <line>
              <![CDATA[Found Element By : By.className: dumbBoxOverlay]]>
            </line>
            <line>
              <![CDATA[Found Element By : By.xpath: //span[@id='brokerFields1:saveMsgErrorsBrokerReaportsSearch' and contains(text(),'Thank you for submitting your request')]]]>
            </line>
            <line>
              <![CDATA[<a href='D:\RTA-Feed\src\main\java\screenshots\successScreenshots\success_screenshots\downloadKarvyFile_09_11_2018_05_57_47.png'> <img src='D:\RTA-Feed\src\main\java\screenshots\successScreenshots\success_screenshots\downloadKarvyFile_09_11_2018_05_57_47.png' height='100' width='100'/> </a>]]>
            </line>
          </reporter-output>
        </test-method> <!-- downloadKarvyFile -->
      </class> <!-- bnpSundaram.SundaramFileDownload -->
    </test> <!-- sundaramFileDownloadTest -->
  </suite> <!-- Morning Suite -->
</testng-results>
